This file contains any messages produced by compilers while
running configure, to aid debugging if configure makes a mistake.

It was created by libffi configure 3.99999, which was
generated by GNU Autoconf 2.71.  Invocation command line was

  $ .././configure --srcdir=.. --enable-builddir=aarch64-apple-darwin22.2.0

## --------- ##
## Platform. ##
## --------- ##

hostname = curious
uname -m = arm64
uname -r = 22.2.0
uname -s = Darwin
uname -v = Darwin Kernel Version 22.2.0: Fri Nov 11 02:03:51 PST 2022; root:xnu-8792.61.2~4/RELEASE_ARM64_T6000

/usr/bin/uname -p = arm
/bin/uname -X     = unknown

/bin/arch              = unknown
/usr/bin/arch -k       = unknown
/usr/convex/getsysinfo = unknown
/usr/bin/hostinfo      = Mach kernel version:
	 Darwin Kernel Version 22.2.0: Fri Nov 11 02:03:51 PST 2022; root:xnu-8792.61.2~4/RELEASE_ARM64_T6000
Kernel configured for up to 20 processors.
20 processors are physically available.
20 processors are logically available.
Processor type: arm64e (ARM64E)
Processors active: 0 1 2 3 4 5 6 7 8 9 10 11 12 13 14 15 16 17 18 19
Primary memory available: 128.00 gigabytes
Default processor set: 952 tasks, 4813 threads, 20 processors
Load average: 2.73, Mach factor: 17.26
/bin/machine           = unknown
/usr/bin/oslevel       = unknown
/bin/universe          = unknown

PATH: /Users/bwhitman/outside/tulipcc/esp-idf/components/esptool_py/esptool/
PATH: /Users/bwhitman/outside/tulipcc/esp-idf/components/espcoredump/
PATH: /Users/bwhitman/outside/tulipcc/esp-idf/components/partition_table/
PATH: /Users/bwhitman/outside/tulipcc/esp-idf/components/app_update/
PATH: /Users/bwhitman/outside/tulipcc/esp-idf/components/esptool_py/esptool/
PATH: /Users/bwhitman/outside/tulipcc/esp-idf/components/espcoredump/
PATH: /Users/bwhitman/outside/tulipcc/esp-idf/components/partition_table/
PATH: /Users/bwhitman/outside/tulipcc/esp-idf/components/app_update/
PATH: /Users/bwhitman/.espressif/tools/xtensa-esp32-elf/esp-2021r2-8.4.0/xtensa-esp32-elf/bin/
PATH: /Users/bwhitman/.espressif/tools/xtensa-esp32s2-elf/esp-2021r2-8.4.0/xtensa-esp32s2-elf/bin/
PATH: /Users/bwhitman/.espressif/tools/xtensa-esp32s3-elf/esp-2021r2-8.4.0/xtensa-esp32s3-elf/bin/
PATH: /Users/bwhitman/.espressif/tools/riscv32-esp-elf/esp-2021r2-8.4.0/riscv32-esp-elf/bin/
PATH: /Users/bwhitman/.espressif/tools/esp32ulp-elf/2.28.51-esp-20191205/esp32ulp-elf-binutils/bin/
PATH: /Users/bwhitman/.espressif/tools/esp32s2ulp-elf/2.28.51-esp-20191205/esp32s2ulp-elf-binutils/bin/
PATH: /Users/bwhitman/.espressif/tools/openocd-esp32/v0.11.0-esp32-20211220/openocd-esp32/bin/
PATH: /Users/bwhitman/.espressif/python_env/idf4.4_py3.9_env/bin/
PATH: /Users/bwhitman/outside/tulipcc/esp-idf/tools/
PATH: /Users/bwhitman/outside/yosys/oss-cad-suite/bin/
PATH: /usr/local/bin/
PATH: /Users/bwhitman/miniconda3/bin/
PATH: /Users/bwhitman/miniconda3/condabin/
PATH: /opt/homebrew/bin/
PATH: /opt/homebrew/sbin/
PATH: /Applications/Sublime Text.app/Contents/SharedSupport/bin/
PATH: /usr/local/bin/
PATH: /System/Cryptexes/App/usr/bin/
PATH: /usr/bin/
PATH: /bin/
PATH: /usr/sbin/
PATH: /sbin/
PATH: /Library/Apple/usr/bin/


## ----------- ##
## Core tests. ##
## ----------- ##

configure:3051: looking for aux files: ltmain.sh compile missing install-sh config.guess config.sub
configure:3064:  trying ../
configure:3093:   ../ltmain.sh found
configure:3093:   ../compile found
configure:3093:   ../missing found
configure:3075:   ../install-sh found
configure:3093:   ../config.guess found
configure:3093:   ../config.sub found
configure:3214: checking build system type
configure:3229: result: aarch64-apple-darwin22.2.0
configure:3249: checking host system type
configure:3263: result: aarch64-apple-darwin22.2.0
configure:3283: checking target system type
configure:3297: result: aarch64-apple-darwin22.2.0
configure:3396: checking for gsed
configure:3419: found /opt/homebrew/bin/gsed
configure:3432: result: /opt/homebrew/bin/gsed
configure:3461: checking for a BSD-compatible install
configure:3534: result: /opt/homebrew/bin/ginstall -c
configure:3545: checking whether build environment is sane
configure:3600: result: yes
configure:3755: checking for a race-free mkdir -p
configure:3799: result: /opt/homebrew/bin/gmkdir -p
configure:3806: checking for gawk
configure:3841: result: no
configure:3806: checking for mawk
configure:3841: result: no
configure:3806: checking for nawk
configure:3841: result: no
configure:3806: checking for awk
configure:3827: found /usr/bin/awk
configure:3838: result: awk
configure:3849: checking whether make sets $(MAKE)
configure:3872: result: yes
configure:3902: checking whether make supports nested variables
configure:3920: result: yes
configure:4129: checking for gcc
configure:4150: found /usr/bin/gcc
configure:4161: result: gcc
configure:4514: checking for C compiler version
configure:4523: gcc --version >&5
Apple clang version 14.0.0 (clang-1400.0.29.202)
Target: arm64-apple-darwin22.2.0
Thread model: posix
InstalledDir: /Applications/Xcode.app/Contents/Developer/Toolchains/XcodeDefault.xctoolchain/usr/bin
configure:4534: $? = 0
configure:4523: gcc -v >&5
Apple clang version 14.0.0 (clang-1400.0.29.202)
Target: arm64-apple-darwin22.2.0
Thread model: posix
InstalledDir: /Applications/Xcode.app/Contents/Developer/Toolchains/XcodeDefault.xctoolchain/usr/bin
configure:4534: $? = 0
configure:4523: gcc -V >&5
clang: error: argument to '-V' is missing (expected 1 value)
clang: error: no input files
configure:4534: $? = 1
configure:4523: gcc -qversion >&5
clang: error: unknown argument '-qversion'; did you mean '--version'?
clang: error: no input files
configure:4534: $? = 1
configure:4523: gcc -version >&5
clang: error: unknown argument '-version'; did you mean '--version'?
clang: error: no input files
configure:4534: $? = 1
configure:4554: checking whether the C compiler works
configure:4576: gcc    conftest.c  >&5
configure:4580: $? = 0
configure:4630: result: yes
configure:4633: checking for C compiler default output file name
configure:4635: result: a.out
configure:4641: checking for suffix of executables
configure:4648: gcc -o conftest    conftest.c  >&5
configure:4652: $? = 0
configure:4675: result: 
configure:4697: checking whether we are cross compiling
configure:4705: gcc -o conftest    conftest.c  >&5
configure:4709: $? = 0
configure:4716: ./conftest
configure:4720: $? = 0
configure:4735: result: no
configure:4740: checking for suffix of object files
configure:4763: gcc -c   conftest.c >&5
configure:4767: $? = 0
configure:4789: result: o
configure:4793: checking whether the compiler supports GNU C
configure:4813: gcc -c   conftest.c >&5
configure:4813: $? = 0
configure:4823: result: yes
configure:4834: checking whether gcc accepts -g
configure:4855: gcc -c -g  conftest.c >&5
configure:4855: $? = 0
configure:4899: result: yes
configure:4919: checking for gcc option to enable C11 features
configure:4934: gcc  -c -g -O2  conftest.c >&5
configure:4934: $? = 0
configure:4952: result: none needed
configure:5068: checking whether gcc understands -c and -o together
configure:5091: gcc -c conftest.c -o conftest2.o
configure:5094: $? = 0
configure:5091: gcc -c conftest.c -o conftest2.o
configure:5094: $? = 0
configure:5106: result: yes
configure:5126: checking whether make supports the include directive
configure:5141: make -f confmf.GNU && cat confinc.out
this is the am__doit target
configure:5144: $? = 0
configure:5163: result: yes (GNU style)
configure:5189: checking dependency style of gcc
configure:5301: result: gcc3
configure:5385: checking for g++
configure:5406: found /usr/bin/g++
configure:5417: result: g++
configure:5444: checking for C++ compiler version
configure:5453: g++ --version >&5
Apple clang version 14.0.0 (clang-1400.0.29.202)
Target: arm64-apple-darwin22.2.0
Thread model: posix
InstalledDir: /Applications/Xcode.app/Contents/Developer/Toolchains/XcodeDefault.xctoolchain/usr/bin
configure:5464: $? = 0
configure:5453: g++ -v >&5
Apple clang version 14.0.0 (clang-1400.0.29.202)
Target: arm64-apple-darwin22.2.0
Thread model: posix
InstalledDir: /Applications/Xcode.app/Contents/Developer/Toolchains/XcodeDefault.xctoolchain/usr/bin
configure:5464: $? = 0
configure:5453: g++ -V >&5
clang: error: argument to '-V' is missing (expected 1 value)
clang: error: no input files
configure:5464: $? = 1
configure:5453: g++ -qversion >&5
clang: error: unknown argument '-qversion'; did you mean '--version'?
clang: error: no input files
configure:5464: $? = 1
configure:5468: checking whether the compiler supports GNU C++
configure:5488: g++ -c   conftest.cpp >&5
configure:5488: $? = 0
configure:5498: result: yes
configure:5509: checking whether g++ accepts -g
configure:5530: g++ -c -g  conftest.cpp >&5
configure:5530: $? = 0
configure:5574: result: yes
configure:5594: checking for g++ option to enable C++11 features
configure:5609: g++  -c -g -O2  conftest.cpp >&5
conftest.cpp:57:3: error: "Compiler does not advertise C++11 conformance"
# error "Compiler does not advertise C++11 conformance"
  ^
conftest.cpp:62:3: error: unknown type name 'constexpr'
  constexpr int get_val() { return 20; }
  ^
conftest.cpp:74:17: error: delegating constructors are permitted only in C++11
    delegate(): delegate(2354) {}
                ^~~~~~~~
conftest.cpp:85:26: warning: 'override' keyword is a C++11 extension [-Wc++11-extensions]
    virtual int getval() override final { return this->n * 2; }
                         ^
conftest.cpp:85:35: warning: 'final' keyword is a C++11 extension [-Wc++11-extensions]
    virtual int getval() override final { return this->n * 2; }
                                  ^
conftest.cpp:92:16: warning: defaulted function definitions are a C++11 extension [-Wc++11-extensions]
    nocopy() = default;
               ^
conftest.cpp:93:29: warning: deleted function definitions are a C++11 extension [-Wc++11-extensions]
    nocopy(const nocopy&) = delete;
                            ^
conftest.cpp:94:41: warning: deleted function definitions are a C++11 extension [-Wc++11-extensions]
    nocopy & operator=(const nocopy&) = delete;
                                        ^
conftest.cpp:106:25: warning: 'auto' type specifier is a C++11 extension [-Wc++11-extensions]
  template <typename V> auto sum(V first) -> V
                        ^
conftest.cpp:106:25: error: 'auto' not allowed in function return type
  template <typename V> auto sum(V first) -> V
                        ^~~~
conftest.cpp:106:42: error: expected ';' at end of declaration
  template <typename V> auto sum(V first) -> V
                                         ^
                                         ;
conftest.cpp:106:43: error: cannot use arrow operator on a type
  template <typename V> auto sum(V first) -> V
                                          ^
conftest.cpp:110:33: warning: variadic templates are a C++11 extension [-Wc++11-extensions]
  template <typename V, typename... Args> auto sum(V first, Args... rest) -> V
                                ^
conftest.cpp:110:43: warning: 'auto' type specifier is a C++11 extension [-Wc++11-extensions]
  template <typename V, typename... Args> auto sum(V first, Args... rest) -> V
                                          ^
conftest.cpp:110:43: error: 'auto' not allowed in function return type
  template <typename V, typename... Args> auto sum(V first, Args... rest) -> V
                                          ^~~~
conftest.cpp:110:74: error: expected ';' at end of declaration
  template <typename V, typename... Args> auto sum(V first, Args... rest) -> V
                                                                         ^
                                                                         ;
conftest.cpp:110:75: error: cannot use arrow operator on a type
  template <typename V, typename... Args> auto sum(V first, Args... rest) -> V
                                                                          ^
conftest.cpp:134:3: warning: 'auto' type specifier is a C++11 extension [-Wc++11-extensions]
  auto a1 = 6538;
  ^
conftest.cpp:135:3: warning: 'auto' type specifier is a C++11 extension [-Wc++11-extensions]
  auto a2 = 48573953.4;
  ^
conftest.cpp:136:3: warning: 'auto' type specifier is a C++11 extension [-Wc++11-extensions]
  auto a3 = "String literal";
  ^
conftest.cpp:139:8: warning: 'auto' type specifier is a C++11 extension [-Wc++11-extensions]
  for (auto i = a3; *i; ++i) { total += *i; }
       ^
conftest.cpp:155:8: warning: 'auto' type specifier is a C++11 extension [-Wc++11-extensions]
  for (auto &x : array) { x += 23; }
       ^
conftest.cpp:155:16: warning: range-based for loop is a C++11 extension [-Wc++11-extensions]
  for (auto &x : array) { x += 23; }
               ^
conftest.cpp:160:17: error: expected expression
  assert (eval ([](int x) { return x*2; }, 21) == 42);
                ^
conftest.cpp:162:17: error: expected expression
  assert (eval ([&](double x) { return d += x; }, 3.0) == 5.0);
                ^
conftest.cpp:164:17: error: expected expression
  assert (eval ([=](double x) mutable { return d += x; }, 4.0) == 9.0);
                ^
conftest.cpp:170:3: warning: 'auto' type specifier is a C++11 extension [-Wc++11-extensions]
  auto a = sum(1);
  ^
conftest.cpp:170:12: error: no matching function for call to 'sum'
  auto a = sum(1);
           ^~~
conftest.cpp:171:3: warning: 'auto' type specifier is a C++11 extension [-Wc++11-extensions]
  auto b = sum(1, 2);
  ^
conftest.cpp:171:12: error: no matching function for call to 'sum'
  auto b = sum(1, 2);
           ^~~
conftest.cpp:172:3: warning: 'auto' type specifier is a C++11 extension [-Wc++11-extensions]
  auto c = sum(1.0, 2.0, 3.0);
  ^
conftest.cpp:172:12: error: no matching function for call to 'sum'
  auto c = sum(1.0, 2.0, 3.0);
           ^~~
conftest.cpp:177:25: warning: empty parentheses interpreted as a function declaration [-Wvexing-parse]
  cxx11test::delegate d2();
                        ^~
conftest.cpp:177:25: note: remove parentheses to declare a variable
  cxx11test::delegate d2();
                        ^~
conftest.cpp:190:16: error: found '<::' after a template name which forms the digraph '<:' (aka '[') and a ':', did you mean '< ::'?
  test_template<::test_template<int>> v(test_template<int>(12));
               ^~~
               < ::
conftest.cpp:190:36: error: a space is required between consecutive right angle brackets (use '> >')
  test_template<::test_template<int>> v(test_template<int>(12));
                                   ^~
                                   > >
conftest.cpp:194:22: error: use of undeclared identifier 'u8'
  char const *utf8 = u8"UTF-8 string \u2500";
                     ^
conftest.cpp:194:24: error: expected ';' at end of declaration
  char const *utf8 = u8"UTF-8 string \u2500";
                       ^
                       ;
fatal error: too many errors emitted, stopping now [-ferror-limit=]
18 warnings and 20 errors generated.
configure:5609: $? = 1
configure: failed program was:
| /* confdefs.h */
| #define PACKAGE_NAME "libffi"
| #define PACKAGE_TARNAME "libffi"
| #define PACKAGE_VERSION "3.99999"
| #define PACKAGE_STRING "libffi 3.99999"
| #define PACKAGE_BUGREPORT "http://github.com/atgreen/libffi/issues"
| #define PACKAGE_URL ""
| #define PACKAGE "libffi"
| #define VERSION "3.99999"
| /* end confdefs.h.  */
| 
| // Does the compiler advertise C++98 conformance?
| #if !defined __cplusplus || __cplusplus < 199711L
| # error "Compiler does not advertise C++98 conformance"
| #endif
| 
| // These inclusions are to reject old compilers that
| // lack the unsuffixed header files.
| #include <cstdlib>
| #include <exception>
| 
| // <cassert> and <cstring> are *not* freestanding headers in C++98.
| extern void assert (int);
| namespace std {
|   extern int strcmp (const char *, const char *);
| }
| 
| // Namespaces, exceptions, and templates were all added after "C++ 2.0".
| using std::exception;
| using std::strcmp;
| 
| namespace {
| 
| void test_exception_syntax()
| {
|   try {
|     throw "test";
|   } catch (const char *s) {
|     // Extra parentheses suppress a warning when building autoconf itself,
|     // due to lint rules shared with more typical C programs.
|     assert (!(strcmp) (s, "test"));
|   }
| }
| 
| template <typename T> struct test_template
| {
|   T const val;
|   explicit test_template(T t) : val(t) {}
|   template <typename U> T add(U u) { return static_cast<T>(u) + val; }
| };
| 
| } // anonymous namespace
| 
| 
| // Does the compiler advertise C++ 2011 conformance?
| #if !defined __cplusplus || __cplusplus < 201103L
| # error "Compiler does not advertise C++11 conformance"
| #endif
| 
| namespace cxx11test
| {
|   constexpr int get_val() { return 20; }
| 
|   struct testinit
|   {
|     int i;
|     double d;
|   };
| 
|   class delegate
|   {
|   public:
|     delegate(int n) : n(n) {}
|     delegate(): delegate(2354) {}
| 
|     virtual int getval() { return this->n; };
|   protected:
|     int n;
|   };
| 
|   class overridden : public delegate
|   {
|   public:
|     overridden(int n): delegate(n) {}
|     virtual int getval() override final { return this->n * 2; }
|   };
| 
|   class nocopy
|   {
|   public:
|     nocopy(int i): i(i) {}
|     nocopy() = default;
|     nocopy(const nocopy&) = delete;
|     nocopy & operator=(const nocopy&) = delete;
|   private:
|     int i;
|   };
| 
|   // for testing lambda expressions
|   template <typename Ret, typename Fn> Ret eval(Fn f, Ret v)
|   {
|     return f(v);
|   }
| 
|   // for testing variadic templates and trailing return types
|   template <typename V> auto sum(V first) -> V
|   {
|     return first;
|   }
|   template <typename V, typename... Args> auto sum(V first, Args... rest) -> V
|   {
|     return first + sum(rest...);
|   }
| }
| 
| 
| int
| main (int argc, char **argv)
| {
|   int ok = 0;
|   
|   assert (argc);
|   assert (! argv[0]);
| {
|   test_exception_syntax ();
|   test_template<double> tt (2.0);
|   assert (tt.add (4) == 6.0);
|   assert (true && !false);
| }
| 
|   
| {
|   // Test auto and decltype
|   auto a1 = 6538;
|   auto a2 = 48573953.4;
|   auto a3 = "String literal";
| 
|   int total = 0;
|   for (auto i = a3; *i; ++i) { total += *i; }
| 
|   decltype(a2) a4 = 34895.034;
| }
| {
|   // Test constexpr
|   short sa[cxx11test::get_val()] = { 0 };
| }
| {
|   // Test initializer lists
|   cxx11test::testinit il = { 4323, 435234.23544 };
| }
| {
|   // Test range-based for
|   int array[] = {9, 7, 13, 15, 4, 18, 12, 10, 5, 3,
|                  14, 19, 17, 8, 6, 20, 16, 2, 11, 1};
|   for (auto &x : array) { x += 23; }
| }
| {
|   // Test lambda expressions
|   using cxx11test::eval;
|   assert (eval ([](int x) { return x*2; }, 21) == 42);
|   double d = 2.0;
|   assert (eval ([&](double x) { return d += x; }, 3.0) == 5.0);
|   assert (d == 5.0);
|   assert (eval ([=](double x) mutable { return d += x; }, 4.0) == 9.0);
|   assert (d == 5.0);
| }
| {
|   // Test use of variadic templates
|   using cxx11test::sum;
|   auto a = sum(1);
|   auto b = sum(1, 2);
|   auto c = sum(1.0, 2.0, 3.0);
| }
| {
|   // Test constructor delegation
|   cxx11test::delegate d1;
|   cxx11test::delegate d2();
|   cxx11test::delegate d3(45);
| }
| {
|   // Test override and final
|   cxx11test::overridden o1(55464);
| }
| {
|   // Test nullptr
|   char *c = nullptr;
| }
| {
|   // Test template brackets
|   test_template<::test_template<int>> v(test_template<int>(12));
| }
| {
|   // Unicode literals
|   char const *utf8 = u8"UTF-8 string \u2500";
|   char16_t const *utf16 = u"UTF-8 string \u2500";
|   char32_t const *utf32 = U"UTF-32 string \u2500";
| }
| 
|   return ok;
| }
| 
configure:5627: result: none needed
configure:5693: checking dependency style of g++
configure:5805: result: gcc3
configure:5835: checking dependency style of gcc
configure:5945: result: gcc3
configure:6008: checking how to print strings
configure:6035: result: printf
configure:6056: checking for a sed that does not truncate output
configure:6126: result: /opt/homebrew/bin/gsed
configure:6144: checking for grep that handles long lines and -e
configure:6208: result: /usr/bin/grep
configure:6213: checking for egrep
configure:6281: result: /usr/bin/grep -E
configure:6286: checking for fgrep
configure:6354: result: /usr/bin/grep -F
configure:6390: checking for ld used by gcc
configure:6458: result: /Applications/Xcode.app/Contents/Developer/Toolchains/XcodeDefault.xctoolchain/usr/bin/ld
configure:6465: checking if the linker (/Applications/Xcode.app/Contents/Developer/Toolchains/XcodeDefault.xctoolchain/usr/bin/ld) is GNU ld
configure:6481: result: no
configure:6493: checking for BSD- or MS-compatible name lister (nm)
configure:6548: result: /usr/bin/nm -B
configure:6688: checking the name lister (/usr/bin/nm -B) interface
configure:6696: gcc -c   conftest.c >&5
configure:6699: /usr/bin/nm -B "conftest.o"
configure:6702: output
0000000000000000 S _some_variable
0000000000000000 t ltmp0
0000000000000000 s ltmp1
configure:6709: result: BSD nm
configure:6712: checking whether ln -s works
configure:6716: result: yes
configure:6724: checking the maximum length of command line arguments
configure:6856: result: 786432
configure:6904: checking how to convert aarch64-apple-darwin22.2.0 file names to aarch64-apple-darwin22.2.0 format
configure:6945: result: func_convert_file_noop
configure:6952: checking how to convert aarch64-apple-darwin22.2.0 file names to toolchain format
configure:6973: result: func_convert_file_noop
configure:6980: checking for /Applications/Xcode.app/Contents/Developer/Toolchains/XcodeDefault.xctoolchain/usr/bin/ld option to reload object files
configure:6988: result: -r
configure:7067: checking for file
configure:7088: found /usr/bin/file
configure:7099: result: file
configure:7175: checking for objdump
configure:7196: found /usr/bin/objdump
configure:7207: result: objdump
configure:7239: checking how to recognize dependent libraries
configure:7440: result: pass_all
configure:7530: checking for dlltool
configure:7565: result: no
configure:7595: checking how to associate runtime and link libraries
configure:7623: result: printf %s\n
configure:7689: checking for ar
configure:7710: found /usr/bin/ar
configure:7721: result: ar
configure:7774: checking for archiver @FILE support
configure:7792: gcc -c   conftest.c >&5
configure:7792: $? = 0
configure:7796: ar cr libconftest.a @conftest.lst >&5
ar: @conftest.lst: No such file or directory
configure:7799: $? = 1
configure:7819: result: no
configure:7882: checking for strip
configure:7903: found /usr/bin/strip
configure:7914: result: strip
configure:7991: checking for ranlib
configure:8012: found /usr/bin/ranlib
configure:8023: result: ranlib
configure:8125: checking command to parse /usr/bin/nm -B output from gcc object
configure:8279: gcc -c   conftest.c >&5
configure:8282: $? = 0
configure:8286: /usr/bin/nm -B conftest.o \| /opt/homebrew/bin/gsed -n -e 's/^.*[ ]\([ABCDGIRSTW][ABCDGIRSTW]*\)[ ][ ]*\([_A-Za-z][_A-Za-z0-9]*\)$/\1 \2 \2/p' | /opt/homebrew/bin/gsed '/ __gnu_lto/d' \> conftest.nm
configure:8289: $? = 0
cannot find nm_test_var in conftest.nm
configure:8279: gcc -c   conftest.c >&5
configure:8282: $? = 0
configure:8286: /usr/bin/nm -B conftest.o \| /opt/homebrew/bin/gsed -n -e 's/^.*[ ]\([ABCDGIRSTW][ABCDGIRSTW]*\)[ ][ ]*_\([_A-Za-z][_A-Za-z0-9]*\)$/\1 _\2 \2/p' | /opt/homebrew/bin/gsed '/ __gnu_lto/d' \> conftest.nm
configure:8289: $? = 0
configure:8355: gcc -o conftest    conftest.c conftstm.o >&5
configure:8358: $? = 0
configure:8396: result: ok
configure:8443: checking for sysroot
configure:8474: result: no
configure:8481: checking for a working dd
configure:8525: result: /bin/dd
configure:8529: checking how to truncate binary pipes
configure:8545: result: /bin/dd bs=4096 count=1
configure:8882: checking for mt
configure:8917: result: no
configure:8937: checking if : is a manifest tool
configure:8944: : '-?'
configure:8952: result: no
configure:9013: checking for dsymutil
configure:9034: found /usr/bin/dsymutil
configure:9045: result: dsymutil
configure:9115: checking for nmedit
configure:9136: found /usr/bin/nmedit
configure:9147: result: nmedit
configure:9217: checking for lipo
configure:9238: found /usr/bin/lipo
configure:9249: result: lipo
configure:9319: checking for otool
configure:9340: found /usr/bin/otool
configure:9351: result: otool
configure:9421: checking for otool64
configure:9456: result: no
configure:9501: checking for -single_module linker flag
gcc   -o libconftest.dylib -dynamiclib -Wl,-single_module conftest.c
configure:9535: result: yes
configure:9538: checking for -exported_symbols_list linker flag
configure:9559: gcc -o conftest    -Wl,-exported_symbols_list,conftest.sym conftest.c  >&5
configure:9559: $? = 0
configure:9570: result: yes
configure:9573: checking for -force_load linker flag
gcc  -c -o conftest.o conftest.c
ar cr libconftest.a conftest.o
ranlib libconftest.a
gcc   -o conftest conftest.c -Wl,-force_load,./libconftest.a
configure:9606: result: yes
configure:9677: checking for stdio.h
configure:9677: gcc -c   conftest.c >&5
configure:9677: $? = 0
configure:9677: result: yes
configure:9677: checking for stdlib.h
configure:9677: gcc -c   conftest.c >&5
configure:9677: $? = 0
configure:9677: result: yes
configure:9677: checking for string.h
configure:9677: gcc -c   conftest.c >&5
configure:9677: $? = 0
configure:9677: result: yes
configure:9677: checking for inttypes.h
configure:9677: gcc -c   conftest.c >&5
configure:9677: $? = 0
configure:9677: result: yes
configure:9677: checking for stdint.h
configure:9677: gcc -c   conftest.c >&5
configure:9677: $? = 0
configure:9677: result: yes
configure:9677: checking for strings.h
configure:9677: gcc -c   conftest.c >&5
configure:9677: $? = 0
configure:9677: result: yes
configure:9677: checking for sys/stat.h
configure:9677: gcc -c   conftest.c >&5
configure:9677: $? = 0
configure:9677: result: yes
configure:9677: checking for sys/types.h
configure:9677: gcc -c   conftest.c >&5
configure:9677: $? = 0
configure:9677: result: yes
configure:9677: checking for unistd.h
configure:9677: gcc -c   conftest.c >&5
configure:9677: $? = 0
configure:9677: result: yes
configure:9702: checking for dlfcn.h
configure:9702: gcc -c   conftest.c >&5
configure:9702: $? = 0
configure:9702: result: yes
configure:9972: checking for objdir
configure:9988: result: .libs
configure:10252: checking if gcc supports -fno-rtti -fno-exceptions
configure:10271: gcc -c   -fno-rtti -fno-exceptions conftest.c >&5
configure:10275: $? = 0
configure:10288: result: yes
configure:10646: checking for gcc option to produce PIC
configure:10654: result: -fno-common -DPIC
configure:10662: checking if gcc PIC flag -fno-common -DPIC works
configure:10681: gcc -c   -fno-common -DPIC -DPIC conftest.c >&5
configure:10685: $? = 0
configure:10698: result: yes
configure:10727: checking if gcc static flag -static works
configure:10756: result: no
configure:10771: checking if gcc supports -c -o file.o
configure:10793: gcc -c   -o out/conftest2.o conftest.c >&5
configure:10797: $? = 0
configure:10819: result: yes
configure:10827: checking if gcc supports -c -o file.o
configure:10875: result: yes
configure:10908: checking whether the gcc linker (/Applications/Xcode.app/Contents/Developer/Toolchains/XcodeDefault.xctoolchain/usr/bin/ld) supports shared libraries
configure:12176: result: yes
configure:12417: checking dynamic linker characteristics
configure:13238: result: darwin22.2.0 dyld
configure:13360: checking how to hardcode library paths into programs
configure:13385: result: immediate
configure:13937: checking whether stripping libraries is possible
configure:13954: result: yes
configure:13988: checking if libtool supports shared libraries
configure:13990: result: yes
configure:13993: checking whether to build shared libraries
configure:14018: result: yes
configure:14021: checking whether to build static libraries
configure:14025: result: yes
configure:14048: checking how to run the C++ preprocessor
configure:14070: g++ -E  conftest.cpp
configure:14070: $? = 0
configure:14085: g++ -E  conftest.cpp
conftest.cpp:23:10: fatal error: 'ac_nonexistent.h' file not found
#include <ac_nonexistent.h>
         ^~~~~~~~~~~~~~~~~~
1 error generated.
configure:14085: $? = 1
configure: failed program was:
| /* confdefs.h */
| #define PACKAGE_NAME "libffi"
| #define PACKAGE_TARNAME "libffi"
| #define PACKAGE_VERSION "3.99999"
| #define PACKAGE_STRING "libffi 3.99999"
| #define PACKAGE_BUGREPORT "http://github.com/atgreen/libffi/issues"
| #define PACKAGE_URL ""
| #define PACKAGE "libffi"
| #define VERSION "3.99999"
| #define HAVE_STDIO_H 1
| #define HAVE_STDLIB_H 1
| #define HAVE_STRING_H 1
| #define HAVE_INTTYPES_H 1
| #define HAVE_STDINT_H 1
| #define HAVE_STRINGS_H 1
| #define HAVE_SYS_STAT_H 1
| #define HAVE_SYS_TYPES_H 1
| #define HAVE_UNISTD_H 1
| #define STDC_HEADERS 1
| #define HAVE_DLFCN_H 1
| #define LT_OBJDIR ".libs/"
| /* end confdefs.h.  */
| #include <ac_nonexistent.h>
configure:14112: result: g++ -E
configure:14126: g++ -E  conftest.cpp
configure:14126: $? = 0
configure:14141: g++ -E  conftest.cpp
conftest.cpp:23:10: fatal error: 'ac_nonexistent.h' file not found
#include <ac_nonexistent.h>
         ^~~~~~~~~~~~~~~~~~
1 error generated.
configure:14141: $? = 1
configure: failed program was:
| /* confdefs.h */
| #define PACKAGE_NAME "libffi"
| #define PACKAGE_TARNAME "libffi"
| #define PACKAGE_VERSION "3.99999"
| #define PACKAGE_STRING "libffi 3.99999"
| #define PACKAGE_BUGREPORT "http://github.com/atgreen/libffi/issues"
| #define PACKAGE_URL ""
| #define PACKAGE "libffi"
| #define VERSION "3.99999"
| #define HAVE_STDIO_H 1
| #define HAVE_STDLIB_H 1
| #define HAVE_STRING_H 1
| #define HAVE_INTTYPES_H 1
| #define HAVE_STDINT_H 1
| #define HAVE_STRINGS_H 1
| #define HAVE_SYS_STAT_H 1
| #define HAVE_SYS_TYPES_H 1
| #define HAVE_UNISTD_H 1
| #define STDC_HEADERS 1
| #define HAVE_DLFCN_H 1
| #define LT_OBJDIR ".libs/"
| /* end confdefs.h.  */
| #include <ac_nonexistent.h>
configure:14306: checking for ld used by g++
configure:14374: result: /Applications/Xcode.app/Contents/Developer/Toolchains/XcodeDefault.xctoolchain/usr/bin/ld
configure:14381: checking if the linker (/Applications/Xcode.app/Contents/Developer/Toolchains/XcodeDefault.xctoolchain/usr/bin/ld) is GNU ld
configure:14397: result: no
configure:14452: checking whether the g++ linker (/Applications/Xcode.app/Contents/Developer/Toolchains/XcodeDefault.xctoolchain/usr/bin/ld) supports shared libraries
configure:15530: result: yes
configure:15566: g++ -c -g -O2  conftest.cpp >&5
configure:15569: $? = 0
configure:16050: checking for g++ option to produce PIC
configure:16058: result: -fno-common -DPIC
configure:16066: checking if g++ PIC flag -fno-common -DPIC works
configure:16085: g++ -c -g -O2  -fno-common -DPIC -DPIC conftest.cpp >&5
configure:16089: $? = 0
configure:16102: result: yes
configure:16125: checking if g++ static flag -static works
configure:16154: result: no
configure:16166: checking if g++ supports -c -o file.o
configure:16188: g++ -c -g -O2  -o out/conftest2.o conftest.cpp >&5
configure:16192: $? = 0
configure:16214: result: yes
configure:16219: checking if g++ supports -c -o file.o
configure:16267: result: yes
configure:16297: checking whether the g++ linker (/Applications/Xcode.app/Contents/Developer/Toolchains/XcodeDefault.xctoolchain/usr/bin/ld) supports shared libraries
configure:16337: result: yes
configure:16479: checking dynamic linker characteristics
configure:17227: result: darwin22.2.0 dyld
configure:17292: checking how to hardcode library paths into programs
configure:17317: result: immediate
configure:17385: checking size of size_t
configure:17391: gcc -o conftest    conftest.c  >&5
configure:17391: $? = 0
configure:17391: ./conftest
configure:17391: $? = 0
configure:17406: result: 8
configure:17415: checking for C compiler vendor
configure:17461: gcc -c   conftest.c >&5
conftest.c:30:9: error: use of undeclared identifier 'thisisanerror'
        thisisanerror;
        ^
1 error generated.
configure:17461: $? = 1
configure: failed program was:
| /* confdefs.h */
| #define PACKAGE_NAME "libffi"
| #define PACKAGE_TARNAME "libffi"
| #define PACKAGE_VERSION "3.99999"
| #define PACKAGE_STRING "libffi 3.99999"
| #define PACKAGE_BUGREPORT "http://github.com/atgreen/libffi/issues"
| #define PACKAGE_URL ""
| #define PACKAGE "libffi"
| #define VERSION "3.99999"
| #define HAVE_STDIO_H 1
| #define HAVE_STDLIB_H 1
| #define HAVE_STRING_H 1
| #define HAVE_INTTYPES_H 1
| #define HAVE_STDINT_H 1
| #define HAVE_STRINGS_H 1
| #define HAVE_SYS_STAT_H 1
| #define HAVE_SYS_TYPES_H 1
| #define HAVE_UNISTD_H 1
| #define STDC_HEADERS 1
| #define HAVE_DLFCN_H 1
| #define LT_OBJDIR ".libs/"
| #define SIZEOF_SIZE_T 8
| /* end confdefs.h.  */
| 
| int
| main (void)
| {
| 
|       #if !(defined(__ICC) || defined(__ECC) || defined(__INTEL_COMPILER))
|         thisisanerror;
|       #endif
| 
|   ;
|   return 0;
| }
configure:17461: gcc -c   conftest.c >&5
conftest.c:30:9: error: use of undeclared identifier 'thisisanerror'
        thisisanerror;
        ^
1 error generated.
configure:17461: $? = 1
configure: failed program was:
| /* confdefs.h */
| #define PACKAGE_NAME "libffi"
| #define PACKAGE_TARNAME "libffi"
| #define PACKAGE_VERSION "3.99999"
| #define PACKAGE_STRING "libffi 3.99999"
| #define PACKAGE_BUGREPORT "http://github.com/atgreen/libffi/issues"
| #define PACKAGE_URL ""
| #define PACKAGE "libffi"
| #define VERSION "3.99999"
| #define HAVE_STDIO_H 1
| #define HAVE_STDLIB_H 1
| #define HAVE_STRING_H 1
| #define HAVE_INTTYPES_H 1
| #define HAVE_STDINT_H 1
| #define HAVE_STRINGS_H 1
| #define HAVE_SYS_STAT_H 1
| #define HAVE_SYS_TYPES_H 1
| #define HAVE_UNISTD_H 1
| #define STDC_HEADERS 1
| #define HAVE_DLFCN_H 1
| #define LT_OBJDIR ".libs/"
| #define SIZEOF_SIZE_T 8
| /* end confdefs.h.  */
| 
| int
| main (void)
| {
| 
|       #if !(defined(__xlc__) || defined(__xlC__) || defined(__IBMC__) || defined(__IBMCPP__))
|         thisisanerror;
|       #endif
| 
|   ;
|   return 0;
| }
configure:17461: gcc -c   conftest.c >&5
conftest.c:30:9: error: use of undeclared identifier 'thisisanerror'
        thisisanerror;
        ^
1 error generated.
configure:17461: $? = 1
configure: failed program was:
| /* confdefs.h */
| #define PACKAGE_NAME "libffi"
| #define PACKAGE_TARNAME "libffi"
| #define PACKAGE_VERSION "3.99999"
| #define PACKAGE_STRING "libffi 3.99999"
| #define PACKAGE_BUGREPORT "http://github.com/atgreen/libffi/issues"
| #define PACKAGE_URL ""
| #define PACKAGE "libffi"
| #define VERSION "3.99999"
| #define HAVE_STDIO_H 1
| #define HAVE_STDLIB_H 1
| #define HAVE_STRING_H 1
| #define HAVE_INTTYPES_H 1
| #define HAVE_STDINT_H 1
| #define HAVE_STRINGS_H 1
| #define HAVE_SYS_STAT_H 1
| #define HAVE_SYS_TYPES_H 1
| #define HAVE_UNISTD_H 1
| #define STDC_HEADERS 1
| #define HAVE_DLFCN_H 1
| #define LT_OBJDIR ".libs/"
| #define SIZEOF_SIZE_T 8
| /* end confdefs.h.  */
| 
| int
| main (void)
| {
| 
|       #if !(defined(__PATHCC__) || defined(__PATHSCALE__))
|         thisisanerror;
|       #endif
| 
|   ;
|   return 0;
| }
configure:17461: gcc -c   conftest.c >&5
configure:17461: $? = 0
configure:17470: result: clang
configure:18280: checking whether C compiler accepts -O3
configure:18300: gcc -c -O3  -O3  conftest.c >&5
configure:18300: $? = 0
configure:18310: result: yes
configure:18345: : CFLAGS="$CFLAGS "
configure:18348: $? = 0
configure:18363: checking CFLAGS for maximum warnings
configure:18384: gcc -c -O3  -warn all  -warn all  conftest.c >&5
clang: error: unknown argument: '-warn'
clang: error: unknown argument: '-warn'
clang: error: no such file or directory: 'all'
clang: error: no such file or directory: 'all'
configure:18384: $? = 1
configure: failed program was:
| /* confdefs.h */
| #define PACKAGE_NAME "libffi"
| #define PACKAGE_TARNAME "libffi"
| #define PACKAGE_VERSION "3.99999"
| #define PACKAGE_STRING "libffi 3.99999"
| #define PACKAGE_BUGREPORT "http://github.com/atgreen/libffi/issues"
| #define PACKAGE_URL ""
| #define PACKAGE "libffi"
| #define VERSION "3.99999"
| #define HAVE_STDIO_H 1
| #define HAVE_STDLIB_H 1
| #define HAVE_STRING_H 1
| #define HAVE_INTTYPES_H 1
| #define HAVE_STDINT_H 1
| #define HAVE_STRINGS_H 1
| #define HAVE_SYS_STAT_H 1
| #define HAVE_SYS_TYPES_H 1
| #define HAVE_UNISTD_H 1
| #define STDC_HEADERS 1
| #define HAVE_DLFCN_H 1
| #define LT_OBJDIR ".libs/"
| #define SIZEOF_SIZE_T 8
| /* end confdefs.h.  */
| 
| int
| main (void)
| {
| 
|   ;
|   return 0;
| }
configure:18384: gcc -c -O3  -pedantic  -Wall  conftest.c >&5
configure:18384: $? = 0
configure:18393: result: -Wall
configure:18410: : CFLAGS="$CFLAGS $ac_cv_cflags_warn_all"
configure:18413: $? = 0
configure:18443: checking whether to enable maintainer-specific portions of Makefiles
configure:18453: result: no
configure:18467: checking for sys/mman.h
configure:18467: gcc -c -O3  -Wall -fexceptions  conftest.c >&5
configure:18467: $? = 0
configure:18467: result: yes
configure:18474: checking for mmap
configure:18474: gcc -o conftest -O3  -Wall -fexceptions   conftest.c  >&5
configure:18474: $? = 0
configure:18474: result: yes
configure:18480: checking for mkostemp
configure:18480: gcc -o conftest -O3  -Wall -fexceptions   conftest.c  >&5
configure:18480: $? = 0
configure:18480: result: yes
configure:18488: checking for sys/mman.h
configure:18488: result: yes
configure:18496: checking for mmap
configure:18496: result: yes
configure:18510: checking whether read-only mmap of a plain file works
configure:18528: result: yes
configure:18530: checking whether mmap from /dev/zero works
configure:18553: result: no
configure:18557: checking for MAP_ANON(YMOUS)
configure:18581: gcc -c -O3  -Wall -fexceptions  conftest.c >&5
conftest.c:38:5: warning: unused variable 'n' [-Wunused-variable]
int n = MAP_ANONYMOUS;
    ^
1 warning generated.
configure:18581: $? = 0
configure:18589: result: yes
configure:18595: checking whether mmap with MAP_ANON(YMOUS) works
configure:18613: result: yes
configure:18659: checking for egrep
configure:18727: result: /usr/bin/grep -E
configure:18733: checking for memcpy
configure:18733: gcc -o conftest -O3  -Wall -fexceptions   conftest.c  >&5
conftest.c:45:6: warning: incompatible redeclaration of library function 'memcpy' [-Wincompatible-library-redeclaration]
char memcpy ();
     ^
conftest.c:45:6: note: 'memcpy' is a builtin with type 'void *(void *, const void *, unsigned long)'
1 warning generated.
configure:18733: $? = 0
configure:18733: result: yes
configure:18740: checking for size_t
configure:18740: gcc -c -O3  -Wall -fexceptions  conftest.c >&5
configure:18740: $? = 0
configure:18740: gcc -c -O3  -Wall -fexceptions  conftest.c >&5
conftest.c:61:21: error: expected expression
if (sizeof ((size_t)))
                    ^
1 error generated.
configure:18740: $? = 1
configure: failed program was:
| /* confdefs.h */
| #define PACKAGE_NAME "libffi"
| #define PACKAGE_TARNAME "libffi"
| #define PACKAGE_VERSION "3.99999"
| #define PACKAGE_STRING "libffi 3.99999"
| #define PACKAGE_BUGREPORT "http://github.com/atgreen/libffi/issues"
| #define PACKAGE_URL ""
| #define PACKAGE "libffi"
| #define VERSION "3.99999"
| #define HAVE_STDIO_H 1
| #define HAVE_STDLIB_H 1
| #define HAVE_STRING_H 1
| #define HAVE_INTTYPES_H 1
| #define HAVE_STDINT_H 1
| #define HAVE_STRINGS_H 1
| #define HAVE_SYS_STAT_H 1
| #define HAVE_SYS_TYPES_H 1
| #define HAVE_UNISTD_H 1
| #define STDC_HEADERS 1
| #define HAVE_DLFCN_H 1
| #define LT_OBJDIR ".libs/"
| #define SIZEOF_SIZE_T 8
| #define HAVE_SYS_MMAN_H 1
| #define HAVE_MMAP 1
| #define HAVE_MKOSTEMP 1
| #define HAVE_MMAP_FILE 1
| #define HAVE_MMAP_ANON 1
| #define HAVE_MEMCPY 1
| /* end confdefs.h.  */
| #include <stddef.h>
| #ifdef HAVE_STDIO_H
| # include <stdio.h>
| #endif
| #ifdef HAVE_STDLIB_H
| # include <stdlib.h>
| #endif
| #ifdef HAVE_STRING_H
| # include <string.h>
| #endif
| #ifdef HAVE_INTTYPES_H
| # include <inttypes.h>
| #endif
| #ifdef HAVE_STDINT_H
| # include <stdint.h>
| #endif
| #ifdef HAVE_STRINGS_H
| # include <strings.h>
| #endif
| #ifdef HAVE_SYS_TYPES_H
| # include <sys/types.h>
| #endif
| #ifdef HAVE_SYS_STAT_H
| # include <sys/stat.h>
| #endif
| #ifdef HAVE_UNISTD_H
| # include <unistd.h>
| #endif
| int
| main (void)
| {
| if (sizeof ((size_t)))
| 	    return 0;
|   ;
|   return 0;
| }
configure:18740: result: yes
configure:18752: checking for working alloca.h
configure:18770: gcc -o conftest -O3  -Wall -fexceptions   conftest.c  >&5
configure:18770: $? = 0
configure:18779: result: yes
configure:18787: checking for alloca
configure:18832: result: yes
configure:18904: checking size of double
configure:18910: gcc -o conftest -O3  -Wall -fexceptions   conftest.c  >&5
configure:18910: $? = 0
configure:18910: ./conftest
configure:18910: $? = 0
configure:18925: result: 8
configure:18937: checking size of long double
configure:18943: gcc -o conftest -O3  -Wall -fexceptions   conftest.c  >&5
configure:18943: $? = 0
configure:18943: ./conftest
configure:18943: $? = 0
configure:18958: result: 8
configure:18989: checking whether byte ordering is bigendian
configure:19005: gcc -c -O3  -Wall -fexceptions  conftest.c >&5
configure:19005: $? = 0
configure:19051: gcc -c -O3  -Wall -fexceptions  conftest.c >&5
configure:19051: $? = 0
configure:19070: gcc -c -O3  -Wall -fexceptions  conftest.c >&5
conftest.c:41:4: error: use of undeclared identifier 'not'
                 not big endian
                 ^
1 error generated.
configure:19070: $? = 1
configure: failed program was:
| /* confdefs.h */
| #define PACKAGE_NAME "libffi"
| #define PACKAGE_TARNAME "libffi"
| #define PACKAGE_VERSION "3.99999"
| #define PACKAGE_STRING "libffi 3.99999"
| #define PACKAGE_BUGREPORT "http://github.com/atgreen/libffi/issues"
| #define PACKAGE_URL ""
| #define PACKAGE "libffi"
| #define VERSION "3.99999"
| #define HAVE_STDIO_H 1
| #define HAVE_STDLIB_H 1
| #define HAVE_STRING_H 1
| #define HAVE_INTTYPES_H 1
| #define HAVE_STDINT_H 1
| #define HAVE_STRINGS_H 1
| #define HAVE_SYS_STAT_H 1
| #define HAVE_SYS_TYPES_H 1
| #define HAVE_UNISTD_H 1
| #define STDC_HEADERS 1
| #define HAVE_DLFCN_H 1
| #define LT_OBJDIR ".libs/"
| #define SIZEOF_SIZE_T 8
| #define HAVE_SYS_MMAN_H 1
| #define HAVE_MMAP 1
| #define HAVE_MKOSTEMP 1
| #define HAVE_MMAP_FILE 1
| #define HAVE_MMAP_ANON 1
| #define HAVE_MEMCPY 1
| #define HAVE_ALLOCA_H 1
| #define HAVE_ALLOCA 1
| #define SIZEOF_DOUBLE 8
| #define SIZEOF_LONG_DOUBLE 8
| /* end confdefs.h.  */
| #include <sys/types.h>
| 		#include <sys/param.h>
| 
| int
| main (void)
| {
| #if BYTE_ORDER != BIG_ENDIAN
| 		 not big endian
| 		#endif
| 
|   ;
|   return 0;
| }
configure:19204: result: no
configure:19223: checking assembler .cfi pseudo-op support
configure:19242: gcc -c -O3  -Wall -fexceptions  conftest.c >&5
configure:19242: $? = 0
configure:19251: result: yes
configure:19404: checking for _ prefix in compiled symbols
configure:19415: gcc -c -O3  -Wall -fexceptions  conftest.c >&5
conftest.c:2:12: warning: expression result unused [-Wunused-value]
int main(){nm_test_func;return 0;}
           ^~~~~~~~~~~~
1 warning generated.
configure:19418: $? = 0
configure:19422: /usr/bin/nm -B conftest.o \| /opt/homebrew/bin/gsed -n -e 's/^.*[	 ]\([ABCDGIRSTW][ABCDGIRSTW]*\)[	 ][	 ]*_\([_A-Za-z][_A-Za-z0-9]*\)$/\1 _\2 \2/p' | /opt/homebrew/bin/gsed '/ __gnu_lto/d' \> conftest.nm
configure:19425: $? = 0
configure:19447: result: yes
configure:19523: checking whether .eh_frame section should be read-only
configure:19546: result: no
configure:19561: checking for __attribute__((visibility("hidden")))
configure:19571: gcc -Werror -S conftest.c -o conftest.s 1>&5
configure:19574: $? = 0
configure:19583: result: no
configure:19809: checking that generated files are newer than configure
configure:19815: result: done
configure:19867: creating ./config.status

## ---------------------- ##
## Running config.status. ##
## ---------------------- ##

This file was extended by libffi config.status 3.99999, which was
generated by GNU Autoconf 2.71.  Invocation command line was

  CONFIG_FILES    = 
  CONFIG_HEADERS  = 
  CONFIG_LINKS    = 
  CONFIG_COMMANDS = 
  $ ./config.status 

on curious

config.status:1212: creating include/Makefile
config.status:1212: creating include/ffi.h
config.status:1212: creating Makefile
config.status:1212: creating testsuite/Makefile
config.status:1212: creating man/Makefile
config.status:1212: creating libffi.pc
config.status:1212: creating fficonfig.h
config.status:1378: fficonfig.h is unchanged
config.status:1438: linking ../src/aarch64/ffitarget.h to include/ffitarget.h
config.status:1457: executing buildir commands
config.status:1597: reusing top_srcdir/Makefile from earlier configure
config.status:1602: build in aarch64-apple-darwin22.2.0 (HOST=)
config.status:1457: executing depfiles commands
config.status:1678: cd .       && sed -e '/# am--include-marker/d' Makefile         | make -f - am--depfiles
make: Nothing to be done for `am--depfiles'.
config.status:1683: $? = 0
config.status:1457: executing libtool commands
config.status:1457: executing include commands
config.status:1457: executing src commands

## ---------------- ##
## Cache variables. ##
## ---------------- ##

ac_cv_build=aarch64-apple-darwin22.2.0
ac_cv_c_bigendian=no
ac_cv_c_compiler_gnu=yes
ac_cv_cflags_warn_all=-Wall
ac_cv_cxx_compiler_gnu=yes
ac_cv_decl_map_anon=yes
ac_cv_env_CCASFLAGS_set=
ac_cv_env_CCASFLAGS_value=
ac_cv_env_CCAS_set=
ac_cv_env_CCAS_value=
ac_cv_env_CPPFLAGS_set=
ac_cv_env_CPPFLAGS_value=
ac_cv_env_CXXCPP_set=
ac_cv_env_CXXCPP_value=
ac_cv_env_LT_SYS_LIBRARY_PATH_set=
ac_cv_env_LT_SYS_LIBRARY_PATH_value=
ac_cv_env_build_alias_set=
ac_cv_env_build_alias_value=
ac_cv_env_host_alias_set=
ac_cv_env_host_alias_value=
ac_cv_env_target_alias_set=
ac_cv_env_target_alias_value=
ac_cv_func_alloca_works=yes
ac_cv_func_memcpy=yes
ac_cv_func_mkostemp=yes
ac_cv_func_mmap=yes
ac_cv_func_mmap_anon=yes
ac_cv_func_mmap_dev_zero=no
ac_cv_func_mmap_file=yes
ac_cv_header_dlfcn_h=yes
ac_cv_header_inttypes_h=yes
ac_cv_header_stdint_h=yes
ac_cv_header_stdio_h=yes
ac_cv_header_stdlib_h=yes
ac_cv_header_string_h=yes
ac_cv_header_strings_h=yes
ac_cv_header_sys_mman_h=yes
ac_cv_header_sys_stat_h=yes
ac_cv_header_sys_types_h=yes
ac_cv_header_unistd_h=yes
ac_cv_host=aarch64-apple-darwin22.2.0
ac_cv_objext=o
ac_cv_path_EGREP='/usr/bin/grep -E'
ac_cv_path_FGREP='/usr/bin/grep -F'
ac_cv_path_GREP=/usr/bin/grep
ac_cv_path_SED=/opt/homebrew/bin/gsed
ac_cv_path_ax_enable_builddir_sed=/opt/homebrew/bin/gsed
ac_cv_path_install='/opt/homebrew/bin/ginstall -c'
ac_cv_path_lt_DD=/bin/dd
ac_cv_path_mkdir=/opt/homebrew/bin/gmkdir
ac_cv_prog_AWK=awk
ac_cv_prog_CXXCPP='g++ -E'
ac_cv_prog_ac_ct_AR=ar
ac_cv_prog_ac_ct_CC=gcc
ac_cv_prog_ac_ct_CXX=g++
ac_cv_prog_ac_ct_DSYMUTIL=dsymutil
ac_cv_prog_ac_ct_FILECMD=file
ac_cv_prog_ac_ct_LIPO=lipo
ac_cv_prog_ac_ct_NMEDIT=nmedit
ac_cv_prog_ac_ct_OBJDUMP=objdump
ac_cv_prog_ac_ct_OTOOL=otool
ac_cv_prog_ac_ct_RANLIB=ranlib
ac_cv_prog_ac_ct_STRIP=strip
ac_cv_prog_cc_c11=
ac_cv_prog_cc_g=yes
ac_cv_prog_cc_stdc=
ac_cv_prog_cxx_11=no
ac_cv_prog_cxx_g=yes
ac_cv_prog_cxx_stdcxx=
ac_cv_prog_make_make_set=yes
ac_cv_sizeof_double=8
ac_cv_sizeof_long_double=8
ac_cv_sizeof_size_t=8
ac_cv_target=aarch64-apple-darwin22.2.0
ac_cv_type_size_t=yes
ac_cv_working_alloca_h=yes
am_cv_CCAS_dependencies_compiler_type=gcc3
am_cv_CC_dependencies_compiler_type=gcc3
am_cv_CXX_dependencies_compiler_type=gcc3
am_cv_make_support_nested_variables=yes
am_cv_prog_cc_c_o=yes
ax_cv_c_compiler_vendor=clang
ax_cv_check_cflags___O3=yes
gcc_cv_as_cfi_pseudo_op=yes
libffi_cv_hidden_visibility_attribute=no
libffi_cv_ro_eh_frame=no
lt_cv_apple_cc_single_mod=yes
lt_cv_ar_at_file=no
lt_cv_deplibs_check_method=pass_all
lt_cv_file_magic_cmd='$MAGIC_CMD'
lt_cv_file_magic_test_file=
lt_cv_ld_exported_symbols_list=yes
lt_cv_ld_force_load=yes
lt_cv_ld_reload_flag=-r
lt_cv_nm_interface='BSD nm'
lt_cv_objdir=.libs
lt_cv_path_LD=/Applications/Xcode.app/Contents/Developer/Toolchains/XcodeDefault.xctoolchain/usr/bin/ld
lt_cv_path_LDCXX=/Applications/Xcode.app/Contents/Developer/Toolchains/XcodeDefault.xctoolchain/usr/bin/ld
lt_cv_path_NM='/usr/bin/nm -B'
lt_cv_path_mainfest_tool=no
lt_cv_prog_compiler_c_o=yes
lt_cv_prog_compiler_c_o_CXX=yes
lt_cv_prog_compiler_pic='-fno-common -DPIC'
lt_cv_prog_compiler_pic_CXX='-fno-common -DPIC'
lt_cv_prog_compiler_pic_works=yes
lt_cv_prog_compiler_pic_works_CXX=yes
lt_cv_prog_compiler_rtti_exceptions=yes
lt_cv_prog_compiler_static_works=no
lt_cv_prog_compiler_static_works_CXX=no
lt_cv_prog_gnu_ld=no
lt_cv_prog_gnu_ldcxx=no
lt_cv_sharedlib_from_linklib_cmd='printf %s\n'
lt_cv_sys_global_symbol_pipe='/opt/homebrew/bin/gsed -n -e '\''s/^.*[	 ]\([ABCDGIRSTW][ABCDGIRSTW]*\)[	 ][	 ]*_\([_A-Za-z][_A-Za-z0-9]*\)$/\1 _\2 \2/p'\'' | /opt/homebrew/bin/gsed '\''/ __gnu_lto/d'\'''
lt_cv_sys_global_symbol_to_c_name_address='/opt/homebrew/bin/gsed -n -e '\''s/^: \(.*\) .*$/  {"\1", (void *) 0},/p'\'' -e '\''s/^[ABCDGIRSTW][ABCDGIRSTW]* .* \(.*\)$/  {"\1", (void *) \&\1},/p'\'''
lt_cv_sys_global_symbol_to_c_name_address_lib_prefix='/opt/homebrew/bin/gsed -n -e '\''s/^: \(.*\) .*$/  {"\1", (void *) 0},/p'\'' -e '\''s/^[ABCDGIRSTW][ABCDGIRSTW]* .* \(lib.*\)$/  {"\1", (void *) \&\1},/p'\'' -e '\''s/^[ABCDGIRSTW][ABCDGIRSTW]* .* \(.*\)$/  {"lib\1", (void *) \&\1},/p'\'''
lt_cv_sys_global_symbol_to_cdecl='/opt/homebrew/bin/gsed -n -e '\''s/^T .* \(.*\)$/extern int \1();/p'\'' -e '\''s/^[ABCDGIRSTW][ABCDGIRSTW]* .* \(.*\)$/extern char \1;/p'\'''
lt_cv_sys_global_symbol_to_import=
lt_cv_sys_max_cmd_len=786432
lt_cv_sys_symbol_underscore=yes
lt_cv_to_host_file_cmd=func_convert_file_noop
lt_cv_to_tool_file_cmd=func_convert_file_noop
lt_cv_truncate_bin='/bin/dd bs=4096 count=1'

## ----------------- ##
## Output variables. ##
## ----------------- ##

ACLOCAL='${SHELL} '\''/Users/bwhitman/outside/tulipcc/lib/libffi/missing'\'' aclocal-1.16'
ALLOCA=''
AMDEPBACKSLASH='\'
AMDEP_FALSE='#'
AMDEP_TRUE=''
AMTAR='$${TAR-tar}'
AM_BACKSLASH='\'
AM_DEFAULT_V='$(AM_DEFAULT_VERBOSITY)'
AM_DEFAULT_VERBOSITY='1'
AM_LTLDFLAGS=''
AM_RUNTESTFLAGS=''
AM_V='$(V)'
AR='ar'
AUTOCONF='${SHELL} '\''/Users/bwhitman/outside/tulipcc/lib/libffi/missing'\'' autoconf'
AUTOHEADER='${SHELL} '\''/Users/bwhitman/outside/tulipcc/lib/libffi/missing'\'' autoheader'
AUTOMAKE='${SHELL} '\''/Users/bwhitman/outside/tulipcc/lib/libffi/missing'\'' automake-1.16'
AWK='awk'
CC='gcc'
CCAS='gcc'
CCASDEPMODE='depmode=gcc3'
CCASFLAGS=''
CCDEPMODE='depmode=gcc3'
CFLAGS='-O3  -Wall -fexceptions'
CPPFLAGS=''
CSCOPE='cscope'
CTAGS='ctags'
CXX='g++'
CXXCPP='g++ -E'
CXXDEPMODE='depmode=gcc3'
CXXFLAGS='-g -O2'
CYGPATH_W='echo'
DEFS='-DHAVE_CONFIG_H'
DEPDIR='.deps'
DLLTOOL='false'
DSYMUTIL='dsymutil'
DUMPBIN=''
ECHO_C='\c'
ECHO_N=''
ECHO_T=''
EGREP='/usr/bin/grep -E'
ETAGS='etags'
EXEEXT=''
FFI_DEBUG_FALSE=''
FFI_DEBUG_TRUE='#'
FFI_EXEC_TRAMPOLINE_TABLE='1'
FFI_EXEC_TRAMPOLINE_TABLE_FALSE='#'
FFI_EXEC_TRAMPOLINE_TABLE_TRUE=''
FGREP='/usr/bin/grep -F'
FILECMD='file'
GREP='/usr/bin/grep'
HAVE_LONG_DOUBLE='0'
HAVE_LONG_DOUBLE_VARIANT='0'
INSTALL_DATA='${INSTALL} -m 644'
INSTALL_PROGRAM='${INSTALL}'
INSTALL_SCRIPT='${INSTALL}'
INSTALL_STRIP_PROGRAM='$(install_sh) -c -s'
LD='/Applications/Xcode.app/Contents/Developer/Toolchains/XcodeDefault.xctoolchain/usr/bin/ld'
LDFLAGS=''
LIBOBJS=''
LIBS=''
LIBTOOL='$(SHELL) $(top_builddir)/libtool'
LIPO='lipo'
LN_S='ln -s'
LTLIBOBJS=''
LT_SYS_LIBRARY_PATH=''
MAINT='#'
MAINTAINER_MODE_FALSE=''
MAINTAINER_MODE_TRUE='#'
MAKEINFO='${SHELL} '\''/Users/bwhitman/outside/tulipcc/lib/libffi/missing'\'' makeinfo'
MANIFEST_TOOL=':'
MKDIR_P='/opt/homebrew/bin/gmkdir -p'
NM='/usr/bin/nm -B'
NMEDIT='nmedit'
OBJDUMP='objdump'
OBJEXT='o'
OTOOL64=':'
OTOOL='otool'
PACKAGE='libffi'
PACKAGE_BUGREPORT='http://github.com/atgreen/libffi/issues'
PACKAGE_NAME='libffi'
PACKAGE_STRING='libffi 3.99999'
PACKAGE_TARNAME='libffi'
PACKAGE_URL=''
PACKAGE_VERSION='3.99999'
PATH_SEPARATOR=':'
PRTDIAG=''
RANLIB='ranlib'
SED='/opt/homebrew/bin/gsed'
SET_MAKE=''
SHELL='/bin/sh'
STRIP='strip'
TARGET='AARCH64'
TARGETDIR='aarch64'
TARGET_OBJ=' src/aarch64/ffi.lo src/aarch64/sysv.lo'
TESTSUBDIR_FALSE='#'
TESTSUBDIR_TRUE=''
VERSION='3.99999'
ac_ct_AR='ar'
ac_ct_CC='gcc'
ac_ct_CXX='g++'
ac_ct_DUMPBIN=''
am__EXEEXT_FALSE=''
am__EXEEXT_TRUE='#'
am__fastdepCCAS_FALSE='#'
am__fastdepCCAS_TRUE=''
am__fastdepCC_FALSE='#'
am__fastdepCC_TRUE=''
am__fastdepCXX_FALSE='#'
am__fastdepCXX_TRUE=''
am__include='include'
am__isrc=' -I$(srcdir)'
am__leading_dot='.'
am__nodep='_no'
am__quote=''
am__tar='$${TAR-tar} chof - "$$tardir"'
am__untar='$${TAR-tar} xf -'
ax_enable_builddir_sed='/opt/homebrew/bin/gsed'
bindir='${exec_prefix}/bin'
build='aarch64-apple-darwin22.2.0'
build_alias=''
build_cpu='aarch64'
build_os='darwin22.2.0'
build_vendor='apple'
datadir='${datarootdir}'
datarootdir='${prefix}/share'
docdir='${datarootdir}/doc/${PACKAGE_TARNAME}'
dvidir='${docdir}'
exec_prefix='${prefix}'
host='aarch64-apple-darwin22.2.0'
host_alias=''
host_cpu='aarch64'
host_os='darwin22.2.0'
host_vendor='apple'
htmldir='${docdir}'
includedir='${prefix}/include'
infodir='${datarootdir}/info'
install_sh='${SHELL} /Users/bwhitman/outside/tulipcc/lib/libffi/install-sh'
libdir='${exec_prefix}/lib'
libexecdir='${exec_prefix}/libexec'
localedir='${datarootdir}/locale'
localstatedir='${prefix}/var'
mandir='${datarootdir}/man'
mkdir_p='$(MKDIR_P)'
oldincludedir='/usr/include'
pdfdir='${docdir}'
prefix='/usr/local'
program_transform_name='s,x,x,'
psdir='${docdir}'
runstatedir='${localstatedir}/run'
sbindir='${exec_prefix}/sbin'
sharedstatedir='${prefix}/com'
sys_symbol_underscore='yes'
sysconfdir='${prefix}/etc'
target='aarch64-apple-darwin22.2.0'
target_alias=''
target_cpu='aarch64'
target_os='darwin22.2.0'
target_vendor='apple'
toolexecdir='${exec_prefix}/lib/gcc-lib/$(target_alias)'
toolexeclibdir='${exec_prefix}/lib'

## ----------- ##
## confdefs.h. ##
## ----------- ##

/* confdefs.h */
#define PACKAGE_NAME "libffi"
#define PACKAGE_TARNAME "libffi"
#define PACKAGE_VERSION "3.99999"
#define PACKAGE_STRING "libffi 3.99999"
#define PACKAGE_BUGREPORT "http://github.com/atgreen/libffi/issues"
#define PACKAGE_URL ""
#define PACKAGE "libffi"
#define VERSION "3.99999"
#define HAVE_STDIO_H 1
#define HAVE_STDLIB_H 1
#define HAVE_STRING_H 1
#define HAVE_INTTYPES_H 1
#define HAVE_STDINT_H 1
#define HAVE_STRINGS_H 1
#define HAVE_SYS_STAT_H 1
#define HAVE_SYS_TYPES_H 1
#define HAVE_UNISTD_H 1
#define STDC_HEADERS 1
#define HAVE_DLFCN_H 1
#define LT_OBJDIR ".libs/"
#define SIZEOF_SIZE_T 8
#define HAVE_SYS_MMAN_H 1
#define HAVE_MMAP 1
#define HAVE_MKOSTEMP 1
#define HAVE_MMAP_FILE 1
#define HAVE_MMAP_ANON 1
#define HAVE_MEMCPY 1
#define HAVE_ALLOCA_H 1
#define HAVE_ALLOCA 1
#define SIZEOF_DOUBLE 8
#define SIZEOF_LONG_DOUBLE 8
#define HAVE_AS_CFI_PSEUDO_OP 1
#define SYMBOL_UNDERSCORE 1
#define FFI_EXEC_TRAMPOLINE_TABLE 1
#define EH_FRAME_FLAGS "aw"

configure: exit 0

## ---------------- ##
## Cache variables. ##
## ---------------- ##

ac_cv_build=aarch64-apple-darwin22.2.0
ac_cv_env_CCASFLAGS_set=
ac_cv_env_CCASFLAGS_value=
ac_cv_env_CCAS_set=
ac_cv_env_CCAS_value=
ac_cv_env_CPPFLAGS_set=
ac_cv_env_CPPFLAGS_value=
ac_cv_env_CXXCPP_set=
ac_cv_env_CXXCPP_value=
ac_cv_env_LT_SYS_LIBRARY_PATH_set=
ac_cv_env_LT_SYS_LIBRARY_PATH_value=
ac_cv_env_build_alias_set=
ac_cv_env_build_alias_value=
ac_cv_env_host_alias_set=
ac_cv_env_host_alias_value=
ac_cv_env_target_alias_set=
ac_cv_env_target_alias_value=
ac_cv_host=aarch64-apple-darwin22.2.0
ac_cv_target=aarch64-apple-darwin22.2.0

## ----------------- ##
## Output variables. ##
## ----------------- ##

ACLOCAL=''
ALLOCA=''
AMDEPBACKSLASH=''
AMDEP_FALSE=''
AMDEP_TRUE=''
AMTAR=''
AM_BACKSLASH=''
AM_DEFAULT_V=''
AM_DEFAULT_VERBOSITY=''
AM_LTLDFLAGS=''
AM_RUNTESTFLAGS=''
AM_V=''
AR=''
AUTOCONF=''
AUTOHEADER=''
AUTOMAKE=''
AWK=''
CC=''
CCAS=''
CCASDEPMODE=''
CCASFLAGS=''
CCDEPMODE=''
CFLAGS=''
CPPFLAGS=''
CSCOPE=''
CTAGS=''
CXX=''
CXXCPP=''
CXXDEPMODE=''
CXXFLAGS=''
CYGPATH_W=''
DEFS=''
DEPDIR=''
DLLTOOL=''
DSYMUTIL=''
DUMPBIN=''
ECHO_C='\c'
ECHO_N=''
ECHO_T=''
EGREP=''
ETAGS=''
EXEEXT=''
FFI_DEBUG_FALSE=''
FFI_DEBUG_TRUE=''
FFI_EXEC_TRAMPOLINE_TABLE=''
FFI_EXEC_TRAMPOLINE_TABLE_FALSE=''
FFI_EXEC_TRAMPOLINE_TABLE_TRUE=''
FGREP=''
FILECMD=''
GREP=''
HAVE_LONG_DOUBLE=''
HAVE_LONG_DOUBLE_VARIANT=''
INSTALL_DATA=''
INSTALL_PROGRAM=''
INSTALL_SCRIPT=''
INSTALL_STRIP_PROGRAM=''
LD=''
LDFLAGS=''
LIBOBJS=''
LIBS=''
LIBTOOL=''
LIPO=''
LN_S=''
LTLIBOBJS=''
LT_SYS_LIBRARY_PATH=''
MAINT=''
MAINTAINER_MODE_FALSE=''
MAINTAINER_MODE_TRUE=''
MAKEINFO=''
MANIFEST_TOOL=''
MKDIR_P=''
NM=''
NMEDIT=''
OBJDUMP=''
OBJEXT=''
OTOOL64=''
OTOOL=''
PACKAGE=''
PACKAGE_BUGREPORT='http://github.com/atgreen/libffi/issues'
PACKAGE_NAME='libffi'
PACKAGE_STRING='libffi 3.99999'
PACKAGE_TARNAME='libffi'
PACKAGE_URL=''
PACKAGE_VERSION='3.99999'
PATH_SEPARATOR=':'
PRTDIAG=''
RANLIB=''
SED=''
SET_MAKE=''
SHELL='/bin/sh'
STRIP=''
TARGET='aarch64-apple-darwin22.2.0'
TARGETDIR=''
TARGET_OBJ=''
TESTSUBDIR_FALSE=''
TESTSUBDIR_TRUE=''
VERSION=''
ac_ct_AR=''
ac_ct_CC=''
ac_ct_CXX=''
ac_ct_DUMPBIN=''
am__EXEEXT_FALSE=''
am__EXEEXT_TRUE=''
am__fastdepCCAS_FALSE=''
am__fastdepCCAS_TRUE=''
am__fastdepCC_FALSE=''
am__fastdepCC_TRUE=''
am__fastdepCXX_FALSE=''
am__fastdepCXX_TRUE=''
am__include=''
am__isrc=''
am__leading_dot=''
am__nodep=''
am__quote=''
am__tar=''
am__untar=''
ax_enable_builddir_sed=''
bindir='${exec_prefix}/bin'
build='aarch64-apple-darwin22.2.0'
build_alias=''
build_cpu='aarch64'
build_os='darwin22.2.0'
build_vendor='apple'
datadir='${datarootdir}'
datarootdir='${prefix}/share'
docdir='${datarootdir}/doc/${PACKAGE_TARNAME}'
dvidir='${docdir}'
exec_prefix='NONE'
host='aarch64-apple-darwin22.2.0'
host_alias=''
host_cpu='aarch64'
host_os='darwin22.2.0'
host_vendor='apple'
htmldir='${docdir}'
includedir='${prefix}/include'
infodir='${datarootdir}/info'
install_sh=''
libdir='${exec_prefix}/lib'
libexecdir='${exec_prefix}/libexec'
localedir='${datarootdir}/locale'
localstatedir='${prefix}/var'
mandir='${datarootdir}/man'
mkdir_p=''
oldincludedir='/usr/include'
pdfdir='${docdir}'
prefix='NONE'
program_transform_name='s,x,x,'
psdir='${docdir}'
runstatedir='${localstatedir}/run'
sbindir='${exec_prefix}/sbin'
sharedstatedir='${prefix}/com'
sys_symbol_underscore=''
sysconfdir='${prefix}/etc'
target='aarch64-apple-darwin22.2.0'
target_alias=''
target_cpu='aarch64'
target_os='darwin22.2.0'
target_vendor='apple'
toolexecdir=''
toolexeclibdir=''

configure: exit 0
